[2025-11-06 08:48:12.2770] [ERROR] [P:\_work\1\s\src\modules\launcher\Wox.Infrastructure\Storage\ListRepository`1.cs::55]
Item Already Exists <GVim (Debian).lnk>

[2025-11-06 09:23:31.0710] [ERROR] [P:\_work\1\s\src\modules\launcher\Wox.Infrastructure\Storage\ListRepository`1.cs::55]
Item Already Exists <Google Chrome.lnk>

[2025-11-06 09:23:37.0977] [ERROR] [P:\_work\1\s\src\modules\launcher\Wox.Infrastructure\Storage\ListRepository`1.cs::55]
Item Already Exists <Google Chrome.lnk>

[2025-11-06 12:03:42.4891] [ERROR] [P:\_work\1\s\src\modules\launcher\Plugins\Microsoft.Plugin.Program\Programs\PackageWrapper.cs::58]
-------------------------- Begin exception --------------------------
Message: 	Error status: UNKNOWN
		Program path: Path could not be determined
		Exception thrown in called method: Void <ThrowExceptionForHR>g__Throw|38_0(Int32)
		Possible interpretation of the error: Exception Microsoft.WindowsAlarms
		Possible resolution: Not yet known

Exception full name  : System.ArgumentException
Exception message    : Value does not fall within the expected range.
Exception stack trace:
   at WinRT.ExceptionHelpers.<ThrowExceptionForHR>g__Throw|38_0(Int32 hr)
   at ABI.Windows.ApplicationModel.IPackageMethods.get_InstalledLocation(IObjectReference _obj)
   at Windows.ApplicationModel.Package.get_InstalledLocation()
   at Microsoft.Plugin.Program.Programs.PackageWrapper.GetWrapperFromPackage(Package package)
Exception source     : WinRT.Runtime
Exception target site: Void <ThrowExceptionForHR>g__Throw|38_0(Int32)
Exception HResult    : -2147024809
-------------------------- End exception --------------------------


[2025-11-06 12:03:42.5068] [ERROR] [P:\_work\1\s\src\modules\launcher\Plugins\Microsoft.Plugin.Program\Programs\PackageWrapper.cs::58]
-------------------------- Begin exception --------------------------
Message: 	Error status: UNKNOWN
		Program path: Path could not be determined
		Exception thrown in called method: Void <ThrowExceptionForHR>g__Throw|38_0(Int32)
		Possible interpretation of the error: Exception Microsoft.WindowsAlarms
		Possible resolution: Not yet known

Exception full name  : System.ArgumentException
Exception message    : Value does not fall within the expected range.
Exception stack trace:
   at WinRT.ExceptionHelpers.<ThrowExceptionForHR>g__Throw|38_0(Int32 hr)
   at ABI.Windows.ApplicationModel.IPackageMethods.get_InstalledLocation(IObjectReference _obj)
   at Windows.ApplicationModel.Package.get_InstalledLocation()
   at Microsoft.Plugin.Program.Programs.PackageWrapper.GetWrapperFromPackage(Package package)
Exception source     : WinRT.Runtime
Exception target site: Void <ThrowExceptionForHR>g__Throw|38_0(Int32)
Exception HResult    : -2147024809
-------------------------- End exception --------------------------


[2025-11-06 12:03:42.5159] [ERROR] [P:\_work\1\s\src\modules\launcher\Plugins\Microsoft.Plugin.Program\Programs\PackageWrapper.cs::58]
-------------------------- Begin exception --------------------------
Message: 	Error status: UNKNOWN
		Program path: Path could not be determined
		Exception thrown in called method: Void <ThrowExceptionForHR>g__Throw|38_0(Int32)
		Possible interpretation of the error: Exception Microsoft.WindowsAlarms
		Possible resolution: Not yet known

Exception full name  : System.ArgumentException
Exception message    : Value does not fall within the expected range.
Exception stack trace:
   at WinRT.ExceptionHelpers.<ThrowExceptionForHR>g__Throw|38_0(Int32 hr)
   at ABI.Windows.ApplicationModel.IPackageMethods.get_InstalledLocation(IObjectReference _obj)
   at Windows.ApplicationModel.Package.get_InstalledLocation()
   at Microsoft.Plugin.Program.Programs.PackageWrapper.GetWrapperFromPackage(Package package)
Exception source     : WinRT.Runtime
Exception target site: Void <ThrowExceptionForHR>g__Throw|38_0(Int32)
Exception HResult    : -2147024809
-------------------------- End exception --------------------------


[2025-11-06 12:03:42.5159] [ERROR] [P:\_work\1\s\src\modules\launcher\Plugins\Microsoft.Plugin.Program\Programs\PackageWrapper.cs::58]
-------------------------- Begin exception --------------------------
Message: 	Error status: UNKNOWN
		Program path: Path could not be determined
		Exception thrown in called method: Void <ThrowExceptionForHR>g__Throw|38_0(Int32)
		Possible interpretation of the error: Exception Microsoft.WindowsAlarms
		Possible resolution: Not yet known

Exception full name  : System.ArgumentException
Exception message    : Value does not fall within the expected range.
Exception stack trace:
   at WinRT.ExceptionHelpers.<ThrowExceptionForHR>g__Throw|38_0(Int32 hr)
   at ABI.Windows.ApplicationModel.IPackageMethods.get_InstalledLocation(IObjectReference _obj)
   at Windows.ApplicationModel.Package.get_InstalledLocation()
   at Microsoft.Plugin.Program.Programs.PackageWrapper.GetWrapperFromPackage(Package package)
Exception source     : WinRT.Runtime
Exception target site: Void <ThrowExceptionForHR>g__Throw|38_0(Int32)
Exception HResult    : -2147024809
-------------------------- End exception --------------------------


[2025-11-06 12:03:42.5338] [ERROR] [P:\_work\1\s\src\modules\launcher\Plugins\Microsoft.Plugin.Program\Programs\PackageWrapper.cs::58]
-------------------------- Begin exception --------------------------
Message: 	Error status: UNKNOWN
		Program path: Path could not be determined
		Exception thrown in called method: Void <ThrowExceptionForHR>g__Throw|38_0(Int32)
		Possible interpretation of the error: Exception Microsoft.WindowsAlarms
		Possible resolution: Not yet known

Exception full name  : System.ArgumentException
Exception message    : Value does not fall within the expected range.
Exception stack trace:
   at WinRT.ExceptionHelpers.<ThrowExceptionForHR>g__Throw|38_0(Int32 hr)
   at ABI.Windows.ApplicationModel.IPackageMethods.get_InstalledLocation(IObjectReference _obj)
   at Windows.ApplicationModel.Package.get_InstalledLocation()
   at Microsoft.Plugin.Program.Programs.PackageWrapper.GetWrapperFromPackage(Package package)
Exception source     : WinRT.Runtime
Exception target site: Void <ThrowExceptionForHR>g__Throw|38_0(Int32)
Exception HResult    : -2147024809
-------------------------- End exception --------------------------


[2025-11-06 12:03:42.5338] [ERROR] [P:\_work\1\s\src\modules\launcher\Plugins\Microsoft.Plugin.Program\Programs\PackageWrapper.cs::58]
-------------------------- Begin exception --------------------------
Message: 	Error status: UNKNOWN
		Program path: Path could not be determined
		Exception thrown in called method: Void <ThrowExceptionForHR>g__Throw|38_0(Int32)
		Possible interpretation of the error: Exception Microsoft.WindowsAlarms
		Possible resolution: Not yet known

Exception full name  : System.ArgumentException
Exception message    : Value does not fall within the expected range.
Exception stack trace:
   at WinRT.ExceptionHelpers.<ThrowExceptionForHR>g__Throw|38_0(Int32 hr)
   at ABI.Windows.ApplicationModel.IPackageMethods.get_InstalledLocation(IObjectReference _obj)
   at Windows.ApplicationModel.Package.get_InstalledLocation()
   at Microsoft.Plugin.Program.Programs.PackageWrapper.GetWrapperFromPackage(Package package)
Exception source     : WinRT.Runtime
Exception target site: Void <ThrowExceptionForHR>g__Throw|38_0(Int32)
Exception HResult    : -2147024809
-------------------------- End exception --------------------------


[2025-11-06 12:03:46.1250] [ERROR] [P:\_work\1\s\src\modules\launcher\Plugins\Microsoft.Plugin.Program\Storage\PackageRepository.cs::89]
-------------------------- Begin exception --------------------------
Message: 	Error status: UNKNOWN
		Program path: Windows.Storage.StorageFolder
		Exception thrown in called method: Microsoft.Win32.SafeHandles.SafeFileHandle CreateFile(System.String, System.IO.FileMode, System.IO.FileAccess, System.IO.FileShare, System.IO.FileOptions)
		Possible interpretation of the error: Could not find file 'C:\Program Files\WindowsApps\Microsoft.WindowsAlarms_2021.2510.4.0_neutral_~_8wekyb3d8bbwe\AppxManifest.xml'.
		Possible resolution: Not yet known

Exception full name  : System.IO.FileNotFoundException
Exception message    : Could not find file 'C:\Program Files\WindowsApps\Microsoft.WindowsAlarms_2021.2510.4.0_neutral_~_8wekyb3d8bbwe\AppxManifest.xml'.
Exception stack trace:
   at Microsoft.Win32.SafeHandles.SafeFileHandle.CreateFile(String fullPath, FileMode mode, FileAccess access, FileShare share, FileOptions options)
   at Microsoft.Win32.SafeHandles.SafeFileHandle.Open(String fullPath, FileMode mode, FileAccess access, FileShare share, FileOptions options, Int64 preallocationSize, Nullable`1 unixCreateMode)
   at System.IO.Strategies.OSFileStreamStrategy..ctor(String path, FileMode mode, FileAccess access, FileShare share, FileOptions options, Int64 preallocationSize, Nullable`1 unixCreateMode)
   at System.Xml.XmlDownloadManager.GetStream(Uri uri, ICredentials credentials, IWebProxy proxy)
   at System.Xml.XmlTextReaderImpl.FinishInitUriString()
   at System.Xml.XmlReaderSettings.CreateReader(String inputUri, XmlParserContext inputContext)
   at System.Xml.Linq.XDocument.Load(String uri, LoadOptions options)
   at Microsoft.Plugin.Program.Programs.UWP.XmlNamespaces(String path)
   at Microsoft.Plugin.Program.Programs.UWP.InitializeAppInfo(String installedLocation)
   at Microsoft.Plugin.Program.Storage.PackageRepository.AddPackage(Package package)
Exception source     : System.Private.CoreLib
Exception target site: Microsoft.Win32.SafeHandles.SafeFileHandle CreateFile(System.String, System.IO.FileMode, System.IO.FileAccess, System.IO.FileShare, System.IO.FileOptions)
Exception HResult    : -2147024894
-------------------------- End exception --------------------------


